  Building 'KMDFMBOX' with toolset 'WindowsKernelModeDriver10.0' and the 'Universal' target platform.
  Stamping ARM64\Debug\KMDFMBOX.inf
  Stamping [Version] section with DriverVer=01/04/2021,21.51.15.481
  Driver.c
  Generating code
  Finished generating code
  KMDFMBOX.vcxproj -> C:\Users\cotaa\Documents\Visual Studio 2019\Projects\KMDFMBOX\ARM64\Debug\KMDFMBOX.sys
  Done Adding Additional Store
  Successfully signed: C:\Users\cotaa\Documents\Visual Studio 2019\Projects\KMDFMBOX\ARM64\Debug\KMDFMBOX.sys
  
  Driver is 'Universal'.
  ........................
  Signability test complete.
  
  Errors:
  None
  
  Warnings:
  None
  
  Catalog generation complete.
  C:\Users\cotaa\Documents\Visual Studio 2019\Projects\KMDFMBOX\ARM64\Debug\KMDFMBOX\kmdfmbox.cat
  Done Adding Additional Store
  Successfully signed: C:\Users\cotaa\Documents\Visual Studio 2019\Projects\KMDFMBOX\ARM64\Debug\KMDFMBOX\kmdfmbox.cat
  
