c:\users\cotaa\documents\visual studio 2019\projects\kmdfv3d\arm64\debug\vc142.pdb
c:\users\cotaa\documents\visual studio 2019\projects\kmdfv3d\arm64\debug\driver.obj
c:\users\cotaa\documents\visual studio 2019\projects\kmdfv3d\arm64\debug\dxgkddi.obj
c:\users\cotaa\documents\visual studio 2019\projects\kmdfv3d\arm64\debug\kmdfv3d\kmdfv3d.cat
c:\users\cotaa\documents\visual studio 2019\projects\kmdfv3d\arm64\debug\kmdfv3d.sys
c:\users\cotaa\documents\visual studio 2019\projects\kmdfv3d\arm64\debug\kmdfv3d.pdb
c:\users\cotaa\documents\visual studio 2019\projects\kmdfv3d\arm64\debug\kmdfv3d.inf
c:\users\cotaa\documents\visual studio 2019\projects\kmdfv3d\arm64\debug\kmdfv3d.cer
c:\users\cotaa\documents\visual studio 2019\projects\kmdfv3d\arm64\debug\kmdfv3d.tlog\cl.command.1.tlog
c:\users\cotaa\documents\visual studio 2019\projects\kmdfv3d\arm64\debug\kmdfv3d.tlog\cl.read.1.tlog
c:\users\cotaa\documents\visual studio 2019\projects\kmdfv3d\arm64\debug\kmdfv3d.tlog\cl.write.1.tlog
c:\users\cotaa\documents\visual studio 2019\projects\kmdfv3d\arm64\debug\kmdfv3d.tlog\inf2cat-expand.10880.read.1.tlog
c:\users\cotaa\documents\visual studio 2019\projects\kmdfv3d\arm64\debug\kmdfv3d.tlog\inf2cat-expand.10880.write.1.tlog
c:\users\cotaa\documents\visual studio 2019\projects\kmdfv3d\arm64\debug\kmdfv3d.tlog\inf2cat-expand.read.1.tlog
c:\users\cotaa\documents\visual studio 2019\projects\kmdfv3d\arm64\debug\kmdfv3d.tlog\inf2cat-expand.write.1.tlog
c:\users\cotaa\documents\visual studio 2019\projects\kmdfv3d\arm64\debug\kmdfv3d.tlog\inf2cat.command.1.tlog
c:\users\cotaa\documents\visual studio 2019\projects\kmdfv3d\arm64\debug\kmdfv3d.tlog\inf2cat.read.1.tlog
c:\users\cotaa\documents\visual studio 2019\projects\kmdfv3d\arm64\debug\kmdfv3d.tlog\inf2cat.write.1.tlog
c:\users\cotaa\documents\visual studio 2019\projects\kmdfv3d\arm64\debug\kmdfv3d.tlog\link.command.1.tlog
c:\users\cotaa\documents\visual studio 2019\projects\kmdfv3d\arm64\debug\kmdfv3d.tlog\link.read.1.tlog
c:\users\cotaa\documents\visual studio 2019\projects\kmdfv3d\arm64\debug\kmdfv3d.tlog\link.write.1.tlog
c:\users\cotaa\documents\visual studio 2019\projects\kmdfv3d\arm64\debug\kmdfv3d.tlog\signtool.command.1.tlog
c:\users\cotaa\documents\visual studio 2019\projects\kmdfv3d\arm64\debug\kmdfv3d.tlog\signtool.read.1.tlog
c:\users\cotaa\documents\visual studio 2019\projects\kmdfv3d\arm64\debug\kmdfv3d.tlog\signtool.timestamp.1.tlog
c:\users\cotaa\documents\visual studio 2019\projects\kmdfv3d\arm64\debug\kmdfv3d.tlog\signtool.write.1.tlog
c:\users\cotaa\documents\visual studio 2019\projects\kmdfv3d\arm64\debug\kmdfv3d.tlog\stampinf.command.1.tlog
c:\users\cotaa\documents\visual studio 2019\projects\kmdfv3d\arm64\debug\kmdfv3d.tlog\stampinf.read.1.tlog
c:\users\cotaa\documents\visual studio 2019\projects\kmdfv3d\arm64\debug\kmdfv3d.tlog\stampinf.write.1.tlog
