c:\users\cotaa\documents\visual studio 2019\projects\kmdfgpio\arm64\debug\vc142.pdb
c:\users\cotaa\documents\visual studio 2019\projects\kmdfgpio\arm64\debug\driver.obj
c:\users\cotaa\documents\visual studio 2019\projects\kmdfgpio\arm64\debug\kmdfgpio\kmdfgpio.cat
c:\users\cotaa\documents\visual studio 2019\projects\kmdfgpio\arm64\debug\kmdfgpio.sys
c:\users\cotaa\documents\visual studio 2019\projects\kmdfgpio\arm64\debug\kmdfgpio.pdb
c:\users\cotaa\documents\visual studio 2019\projects\kmdfgpio\arm64\debug\kmdfgpio.inf
c:\users\cotaa\documents\visual studio 2019\projects\kmdfgpio\arm64\debug\kmdfgpio.cer
c:\users\cotaa\documents\visual studio 2019\projects\kmdfgpio\arm64\debug\kmdfgpio.tlog\cl.command.1.tlog
c:\users\cotaa\documents\visual studio 2019\projects\kmdfgpio\arm64\debug\kmdfgpio.tlog\cl.read.1.tlog
c:\users\cotaa\documents\visual studio 2019\projects\kmdfgpio\arm64\debug\kmdfgpio.tlog\cl.write.1.tlog
c:\users\cotaa\documents\visual studio 2019\projects\kmdfgpio\arm64\debug\kmdfgpio.tlog\inf2cat-expand.23956.read.1.tlog
c:\users\cotaa\documents\visual studio 2019\projects\kmdfgpio\arm64\debug\kmdfgpio.tlog\inf2cat-expand.23956.write.1.tlog
c:\users\cotaa\documents\visual studio 2019\projects\kmdfgpio\arm64\debug\kmdfgpio.tlog\inf2cat-expand.read.1.tlog
c:\users\cotaa\documents\visual studio 2019\projects\kmdfgpio\arm64\debug\kmdfgpio.tlog\inf2cat-expand.write.1.tlog
c:\users\cotaa\documents\visual studio 2019\projects\kmdfgpio\arm64\debug\kmdfgpio.tlog\inf2cat.command.1.tlog
c:\users\cotaa\documents\visual studio 2019\projects\kmdfgpio\arm64\debug\kmdfgpio.tlog\inf2cat.read.1.tlog
c:\users\cotaa\documents\visual studio 2019\projects\kmdfgpio\arm64\debug\kmdfgpio.tlog\inf2cat.write.1.tlog
c:\users\cotaa\documents\visual studio 2019\projects\kmdfgpio\arm64\debug\kmdfgpio.tlog\link.command.1.tlog
c:\users\cotaa\documents\visual studio 2019\projects\kmdfgpio\arm64\debug\kmdfgpio.tlog\link.read.1.tlog
c:\users\cotaa\documents\visual studio 2019\projects\kmdfgpio\arm64\debug\kmdfgpio.tlog\link.write.1.tlog
c:\users\cotaa\documents\visual studio 2019\projects\kmdfgpio\arm64\debug\kmdfgpio.tlog\signtool.command.1.tlog
c:\users\cotaa\documents\visual studio 2019\projects\kmdfgpio\arm64\debug\kmdfgpio.tlog\signtool.read.1.tlog
c:\users\cotaa\documents\visual studio 2019\projects\kmdfgpio\arm64\debug\kmdfgpio.tlog\signtool.timestamp.1.tlog
c:\users\cotaa\documents\visual studio 2019\projects\kmdfgpio\arm64\debug\kmdfgpio.tlog\signtool.write.1.tlog
c:\users\cotaa\documents\visual studio 2019\projects\kmdfgpio\arm64\debug\kmdfgpio.tlog\stampinf.command.1.tlog
c:\users\cotaa\documents\visual studio 2019\projects\kmdfgpio\arm64\debug\kmdfgpio.tlog\stampinf.read.1.tlog
c:\users\cotaa\documents\visual studio 2019\projects\kmdfgpio\arm64\debug\kmdfgpio.tlog\stampinf.write.1.tlog
