c:\users\cotaa\documents\visual studio 2019\projects\kmdfhdmi\arm64\debug\vc142.pdb
c:\users\cotaa\documents\visual studio 2019\projects\kmdfhdmi\arm64\debug\driver.obj
c:\users\cotaa\documents\visual studio 2019\projects\kmdfhdmi\arm64\debug\kmdfhdmi.sys
c:\users\cotaa\documents\visual studio 2019\projects\kmdfhdmi\arm64\debug\kmdfhdmi.pdb
c:\users\cotaa\documents\visual studio 2019\projects\kmdfhdmi\arm64\debug\kmdfhdmi.inf
c:\users\cotaa\documents\visual studio 2019\projects\kmdfhdmi\arm64\debug\kmdfhdmi.cer
c:\users\cotaa\documents\visual studio 2019\projects\kmdfhdmi\arm64\debug\kmdfhdmi.tlog\cl.command.1.tlog
c:\users\cotaa\documents\visual studio 2019\projects\kmdfhdmi\arm64\debug\kmdfhdmi.tlog\cl.read.1.tlog
c:\users\cotaa\documents\visual studio 2019\projects\kmdfhdmi\arm64\debug\kmdfhdmi.tlog\cl.write.1.tlog
c:\users\cotaa\documents\visual studio 2019\projects\kmdfhdmi\arm64\debug\kmdfhdmi.tlog\inf2cat-expand.30612.read.1.tlog
c:\users\cotaa\documents\visual studio 2019\projects\kmdfhdmi\arm64\debug\kmdfhdmi.tlog\inf2cat-expand.30612.write.1.tlog
c:\users\cotaa\documents\visual studio 2019\projects\kmdfhdmi\arm64\debug\kmdfhdmi.tlog\inf2cat-expand.read.1.tlog
c:\users\cotaa\documents\visual studio 2019\projects\kmdfhdmi\arm64\debug\kmdfhdmi.tlog\inf2cat-expand.write.1.tlog
c:\users\cotaa\documents\visual studio 2019\projects\kmdfhdmi\arm64\debug\kmdfhdmi.tlog\inf2cat.command.1.tlog
c:\users\cotaa\documents\visual studio 2019\projects\kmdfhdmi\arm64\debug\kmdfhdmi.tlog\inf2cat.read.1.tlog
c:\users\cotaa\documents\visual studio 2019\projects\kmdfhdmi\arm64\debug\kmdfhdmi.tlog\inf2cat.read.7.tlog
c:\users\cotaa\documents\visual studio 2019\projects\kmdfhdmi\arm64\debug\kmdfhdmi.tlog\inf2cat.write.1.tlog
c:\users\cotaa\documents\visual studio 2019\projects\kmdfhdmi\arm64\debug\kmdfhdmi.tlog\inf2cat.write.7.tlog
c:\users\cotaa\documents\visual studio 2019\projects\kmdfhdmi\arm64\debug\kmdfhdmi.tlog\link.command.1.tlog
c:\users\cotaa\documents\visual studio 2019\projects\kmdfhdmi\arm64\debug\kmdfhdmi.tlog\link.read.1.tlog
c:\users\cotaa\documents\visual studio 2019\projects\kmdfhdmi\arm64\debug\kmdfhdmi.tlog\link.write.1.tlog
c:\users\cotaa\documents\visual studio 2019\projects\kmdfhdmi\arm64\debug\kmdfhdmi.tlog\signtool.command.1.tlog
c:\users\cotaa\documents\visual studio 2019\projects\kmdfhdmi\arm64\debug\kmdfhdmi.tlog\signtool.read.1.tlog
c:\users\cotaa\documents\visual studio 2019\projects\kmdfhdmi\arm64\debug\kmdfhdmi.tlog\signtool.timestamp.1.tlog
c:\users\cotaa\documents\visual studio 2019\projects\kmdfhdmi\arm64\debug\kmdfhdmi.tlog\signtool.write.1.tlog
c:\users\cotaa\documents\visual studio 2019\projects\kmdfhdmi\arm64\debug\kmdfhdmi.tlog\stampinf.command.1.tlog
c:\users\cotaa\documents\visual studio 2019\projects\kmdfhdmi\arm64\debug\kmdfhdmi.tlog\stampinf.read.1.tlog
c:\users\cotaa\documents\visual studio 2019\projects\kmdfhdmi\arm64\debug\kmdfhdmi.tlog\stampinf.write.1.tlog
