  Building 'KMDFGPIO' with toolset 'WindowsKernelModeDriver10.0' and the 'Universal' target platform.
  Stamping ARM64\Release\KMDFGPIO.inf
  Stamping [Version] section with DriverVer=09/23/2020,16.2.31.447
  Driver.c
  Generating code
  Finished generating code
  KMDFGPIO.vcxproj -> C:\Users\cotaa\Documents\Visual Studio 2019\Projects\KMDFGPIO\ARM64\Release\KMDFGPIO.sys
  Done Adding Additional Store
  Successfully signed: C:\Users\cotaa\Documents\Visual Studio 2019\Projects\KMDFGPIO\ARM64\Release\KMDFGPIO.sys
  
  Driver is 'Universal'.
  ........................
  Signability test complete.
  
  Errors:
  None
  
  Warnings:
  None
  
  Catalog generation complete.
  C:\Users\cotaa\Documents\Visual Studio 2019\Projects\KMDFGPIO\ARM64\Release\KMDFGPIO\kmdfgpio.cat
  Done Adding Additional Store
  Successfully signed: C:\Users\cotaa\Documents\Visual Studio 2019\Projects\KMDFGPIO\ARM64\Release\KMDFGPIO\kmdfgpio.cat
  
