  Building 'KMDFDMA' with toolset 'WindowsKernelModeDriver10.0' and the 'Universal' target platform.
  Stamping ARM64\Debug\KMDFDMA.inf
  Stamping [Version] section with DriverVer=01/04/2021,21.51.39.653
  Driver.c
  Generating code
  Finished generating code
  KMDFDMA.vcxproj -> C:\Users\cotaa\Documents\Visual Studio 2019\Projects\KMDFDMA\ARM64\Debug\KMDFDMA.sys
  Done Adding Additional Store
  Successfully signed: C:\Users\cotaa\Documents\Visual Studio 2019\Projects\KMDFDMA\ARM64\Debug\KMDFDMA.sys
  
  Driver is 'Universal'.
  .........................
  Signability test complete.
  
  Errors:
  None
  
  Warnings:
  None
  
  Catalog generation complete.
  C:\Users\cotaa\Documents\Visual Studio 2019\Projects\KMDFDMA\ARM64\Debug\KMDFDMA\kmdfdma.cat
  Done Adding Additional Store
  Successfully signed: C:\Users\cotaa\Documents\Visual Studio 2019\Projects\KMDFDMA\ARM64\Debug\KMDFDMA\kmdfdma.cat
  
