c:\users\alastair\documents\visual studio 2019\projects\kmdfpll\arm64\debug\vc142.pdb
c:\users\alastair\documents\visual studio 2019\projects\kmdfpll\arm64\debug\driver.obj
c:\users\alastair\documents\visual studio 2019\projects\kmdfpll\arm64\debug\kmdfpll\kmdfpll.cat
c:\users\alastair\documents\visual studio 2019\projects\kmdfpll\arm64\debug\kmdfpll.iobj
c:\users\alastair\documents\visual studio 2019\projects\kmdfpll\arm64\debug\kmdfpll.sys
c:\users\alastair\documents\visual studio 2019\projects\kmdfpll\arm64\debug\kmdfpll.pdb
c:\users\alastair\documents\visual studio 2019\projects\kmdfpll\arm64\debug\kmdfpll.inf
c:\users\alastair\documents\visual studio 2019\projects\kmdfpll\arm64\debug\kmdfpll.cer
c:\users\alastair\documents\visual studio 2019\projects\kmdfpll\arm64\debug\kmdfpll.tlog\cl.command.1.tlog
c:\users\alastair\documents\visual studio 2019\projects\kmdfpll\arm64\debug\kmdfpll.tlog\cl.read.1.tlog
c:\users\alastair\documents\visual studio 2019\projects\kmdfpll\arm64\debug\kmdfpll.tlog\cl.write.1.tlog
c:\users\alastair\documents\visual studio 2019\projects\kmdfpll\arm64\debug\kmdfpll.tlog\inf2cat-expand.19620.read.1.tlog
c:\users\alastair\documents\visual studio 2019\projects\kmdfpll\arm64\debug\kmdfpll.tlog\inf2cat-expand.19620.write.1.tlog
c:\users\alastair\documents\visual studio 2019\projects\kmdfpll\arm64\debug\kmdfpll.tlog\inf2cat-expand.read.1.tlog
c:\users\alastair\documents\visual studio 2019\projects\kmdfpll\arm64\debug\kmdfpll.tlog\inf2cat-expand.write.1.tlog
c:\users\alastair\documents\visual studio 2019\projects\kmdfpll\arm64\debug\kmdfpll.tlog\inf2cat.command.1.tlog
c:\users\alastair\documents\visual studio 2019\projects\kmdfpll\arm64\debug\kmdfpll.tlog\inf2cat.read.1.tlog
c:\users\alastair\documents\visual studio 2019\projects\kmdfpll\arm64\debug\kmdfpll.tlog\inf2cat.read.8.tlog
c:\users\alastair\documents\visual studio 2019\projects\kmdfpll\arm64\debug\kmdfpll.tlog\inf2cat.write.1.tlog
c:\users\alastair\documents\visual studio 2019\projects\kmdfpll\arm64\debug\kmdfpll.tlog\inf2cat.write.8.tlog
c:\users\alastair\documents\visual studio 2019\projects\kmdfpll\arm64\debug\kmdfpll.tlog\kmdfpll.write.1u.tlog
c:\users\alastair\documents\visual studio 2019\projects\kmdfpll\arm64\debug\kmdfpll.tlog\link.command.1.tlog
c:\users\alastair\documents\visual studio 2019\projects\kmdfpll\arm64\debug\kmdfpll.tlog\link.read.1.tlog
c:\users\alastair\documents\visual studio 2019\projects\kmdfpll\arm64\debug\kmdfpll.tlog\link.write.1.tlog
c:\users\alastair\documents\visual studio 2019\projects\kmdfpll\arm64\debug\kmdfpll.tlog\signtool.command.1.tlog
c:\users\alastair\documents\visual studio 2019\projects\kmdfpll\arm64\debug\kmdfpll.tlog\signtool.read.1.tlog
c:\users\alastair\documents\visual studio 2019\projects\kmdfpll\arm64\debug\kmdfpll.tlog\signtool.timestamp.1.tlog
c:\users\alastair\documents\visual studio 2019\projects\kmdfpll\arm64\debug\kmdfpll.tlog\signtool.write.1.tlog
c:\users\alastair\documents\visual studio 2019\projects\kmdfpll\arm64\debug\kmdfpll.tlog\stampinf.command.1.tlog
c:\users\alastair\documents\visual studio 2019\projects\kmdfpll\arm64\debug\kmdfpll.tlog\stampinf.read.1.tlog
c:\users\alastair\documents\visual studio 2019\projects\kmdfpll\arm64\debug\kmdfpll.tlog\stampinf.write.1.tlog
